  Rasterizer.cpp
C:\Users\smith\source\repos\Playground\Rasterizer\Rasterizer.cpp(14,9): warning C4067: unexpected tokens following preprocessor directive - expected a newline
C:\Users\smith\source\repos\Playground\Rasterizer\Rasterizer.cpp(50,16): warning C4244: 'initializing': conversion from 'double' to 'float', possible loss of data
C:\Users\smith\source\repos\Playground\Rasterizer\Rasterizer.cpp(105,15): warning C4244: 'initializing': conversion from 'double' to 'float', possible loss of data
C:\Users\smith\source\repos\Playground\Rasterizer\Rasterizer.cpp(119,11): warning C4244: 'initializing': conversion from 'T' to 'int', possible loss of data
          with
          [
              T=float
          ]
C:\Users\smith\source\repos\Playground\Rasterizer\Rasterizer.cpp(120,39): warning C4244: '+=': conversion from 'T' to 'int', possible loss of data
          with
          [
              T=float
          ]
C:\Users\smith\source\repos\Playground\Rasterizer\Rasterizer.cpp(121,39): warning C4244: '+=': conversion from 'T' to 'int', possible loss of data
          with
          [
              T=float
          ]
C:\Users\smith\source\repos\Playground\Rasterizer\Rasterizer.cpp(189,20): warning C4244: '=': conversion from 'double' to 'T', possible loss of data
          with
          [
              T=float
          ]
C:\Users\smith\source\repos\Playground\Rasterizer\Rasterizer.cpp(189,51): warning C4244: '=': conversion from 'double' to 'T', possible loss of data
          with
          [
              T=float
          ]
C:\Users\smith\source\repos\Playground\Rasterizer\Rasterizer.cpp(189,82): warning C4244: '=': conversion from 'double' to 'T', possible loss of data
          with
          [
              T=float
          ]
C:\Users\smith\source\repos\Playground\Rasterizer\Rasterizer.cpp(226,108): warning C4244: '=': conversion from 'float' to 'unsigned char', possible loss of data
C:\Users\smith\source\repos\Playground\Rasterizer\Rasterizer.cpp(227,108): warning C4244: '=': conversion from 'float' to 'unsigned char', possible loss of data
C:\Users\smith\source\repos\Playground\Rasterizer\Rasterizer.cpp(228,108): warning C4244: '=': conversion from 'float' to 'unsigned char', possible loss of data
C:\Users\smith\source\repos\Playground\Rasterizer\Rasterizer.cpp(258,34): warning C4326: return type of 'main' should be 'int' instead of 'void'
  Rasterizer.vcxproj -> C:\Users\smith\source\repos\Playground\Debug\Rasterizer.exe
