  spRayTracer.cpp
C:\Users\smith\source\repos\Computer-Graphics\spRayTracer\spRayTracer.cpp(16,10): warning C4067: unexpected tokens following preprocessor directive - expected a newline
C:\Users\smith\source\repos\Computer-Graphics\spRayTracer\Object.h(6,10): warning C4067: unexpected tokens following preprocessor directive - expected a newline
C:\Users\smith\source\repos\Computer-Graphics\spRayTracer\Object.h(65,26): warning C4244: '=': conversion from 'double' to 'float', possible loss of data
C:\Users\smith\source\repos\Computer-Graphics\spRayTracer\Object.h(68,26): warning C4244: '=': conversion from 'double' to 'float', possible loss of data
C:\Users\smith\source\repos\Computer-Graphics\spRayTracer\Object.h(82,52): warning C4244: '=': conversion from 'double' to 'T', possible loss of data
          with
          [
              T=float
          ]
C:\Users\smith\source\repos\Computer-Graphics\spRayTracer\Object.h(83,31): warning C4244: '=': conversion from 'double' to 'T', possible loss of data
          with
          [
              T=float
          ]
C:\Users\smith\source\repos\Computer-Graphics\spRayTracer\Object.h(112,1): warning C4305: '=': truncation from 'double' to 'T'
          with
          [
              T=float
          ]
C:\Users\smith\source\repos\Computer-Graphics\spRayTracer\spRayTracer.cpp(44,19): warning C4244: 'initializing': conversion from 'double' to 'float', possible loss of data
C:\Users\smith\source\repos\Computer-Graphics\spRayTracer\spRayTracer.cpp(87,24): warning C4244: 'initializing': conversion from 'int' to 'float', possible loss of data
C:\Users\smith\source\repos\Computer-Graphics\spRayTracer\spRayTracer.cpp(109,17): warning C4244: 'initializing': conversion from 'double' to 'float', possible loss of data
C:\Users\smith\source\repos\Computer-Graphics\spRayTracer\spRayTracer.cpp(117,22): warning C4244: 'initializing': conversion from 'double' to 'float', possible loss of data
C:\Users\smith\source\repos\Computer-Graphics\spRayTracer\spRayTracer.cpp(118,22): warning C4244: 'initializing': conversion from 'double' to 'float', possible loss of data
C:\Users\smith\source\repos\Computer-Graphics\spRayTracer\spRayTracer.cpp(150,20): warning C4244: 'argument': conversion from 'time_t' to 'unsigned int', possible loss of data
C:\Users\smith\source\repos\Computer-Graphics\spRayTracer\spRayTracer.cpp(153,29): warning C4244: '=': conversion from 'int' to 'float', possible loss of data
C:\Users\smith\source\repos\Computer-Graphics\spRayTracer\spRayTracer.cpp(154,25): warning C4244: '=': conversion from 'int' to 'float', possible loss of data
C:\Users\smith\source\repos\Computer-Graphics\spRayTracer\spRayTracer.cpp(155,29): warning C4244: '=': conversion from 'int' to 'float', possible loss of data
  spRayTracer.vcxproj -> C:\Users\smith\source\repos\Computer-Graphics\Debug\spRayTracer.exe
